{
  "RSpec": {
    "coverage": {
      "/Users/wendyhchun/challenges/ikea_reviews/app/helpers/application_helper.rb": [
        1,
        null
      ],
      "/Users/wendyhchun/challenges/ikea_reviews/app/models/item.rb": [
        1,
        1,
        1,
        null,
        1,
        1,
        1,
        1,
        null,
        1,
        227,
        null,
        null,
        1,
        0,
        null,
        null,
        1,
        189,
        42,
        null,
        null
      ],
      "/Users/wendyhchun/challenges/ikea_reviews/app/models/review.rb": [
        1,
        1,
        1,
        1,
        null,
        1,
        null,
        1,
        null,
        null,
        null,
        null,
        null,
        null,
        null,
        null,
        1,
        103,
        null,
        null
      ],
      "/Users/wendyhchun/challenges/ikea_reviews/app/models/vote.rb": [
        1,
        1,
        1,
        null,
        1,
        1,
        1,
        null,
        1,
        26,
        6,
        null,
        20,
        null,
        26,
        26,
        null,
        null
      ],
      "/Users/wendyhchun/challenges/ikea_reviews/app/models/category.rb": [
        1,
        1,
        null,
        1,
        null
      ],
      "/Users/wendyhchun/challenges/ikea_reviews/app/controllers/items_controller.rb": [
        1,
        1,
        1,
        null,
        1,
        104,
        104,
        0,
        0,
        0,
        null,
        0,
        null,
        null,
        null,
        1,
        6,
        null,
        null,
        1,
        5,
        null,
        5,
        null,
        5,
        2,
        2,
        null,
        null,
        3,
        null,
        3,
        2,
        2,
        1,
        1,
        1,
        1,
        null,
        null,
        null,
        1,
        57,
        57,
        57,
        57,
        null,
        57,
        null,
        null,
        1,
        8,
        null,
        null,
        1,
        null,
        1,
        43,
        43,
        null,
        43,
        31,
        null,
        null,
        43,
        null,
        null,
        1,
        57,
        57,
        41,
        null,
        57,
        null,
        null,
        1,
        3,
        null,
        3,
        null,
        3,
        3,
        3,
        3,
        3,
        null,
        null,
        1,
        5,
        5,
        3,
        3,
        3,
        3,
        null,
        null,
        1,
        3,
        3,
        3,
        null,
        3,
        null,
        3,
        3,
        3,
        3,
        3,
        null,
        3,
        null,
        null,
        1,
        1,
        null,
        null,
        1,
        12,
        1,
        1,
        null,
        null,
        null
      ],
      "/Users/wendyhchun/challenges/ikea_reviews/app/controllers/application_controller.rb": [
        1,
        null,
        null,
        1,
        1,
        1,
        null,
        1,
        530,
        null,
        null,
        1,
        null,
        1,
        125,
        125,
        null,
        null
      ],
      "/Users/wendyhchun/challenges/ikea_reviews/app/controllers/admins_controller.rb": [
        1,
        1,
        null,
        1,
        null,
        null,
        1,
        null,
        1,
        31,
        3,
        3,
        28,
        4,
        4,
        null,
        null,
        null
      ],
      "/Users/wendyhchun/challenges/ikea_reviews/app/controllers/admins/items_controller.rb": [
        1,
        1,
        3,
        null,
        null,
        1,
        1,
        1,
        1,
        1,
        null,
        0,
        null,
        1,
        null,
        null
      ],
      "/Users/wendyhchun/challenges/ikea_reviews/app/controllers/admins/reviews_controller.rb": [
        1,
        1,
        3,
        null,
        null,
        1,
        1,
        1,
        1,
        null,
        null
      ],
      "/Users/wendyhchun/challenges/ikea_reviews/app/controllers/admins/users_controller.rb": [
        1,
        1,
        6,
        null,
        null,
        1,
        2,
        2,
        2,
        2,
        2,
        null,
        null
      ],
      "/Users/wendyhchun/challenges/ikea_reviews/app/controllers/devise/custom/registrations_controller.rb": [
        1,
        1,
        2,
        2,
        2,
        2,
        2,
        null,
        null
      ],
      "/Users/wendyhchun/challenges/ikea_reviews/app/controllers/reviews_controller.rb": [
        1,
        1,
        null,
        1,
        3,
        3,
        2,
        null,
        1,
        null,
        3,
        null,
        null,
        1,
        1,
        1,
        1,
        null,
        1,
        null,
        null,
        1,
        4,
        4,
        4,
        1,
        1,
        null,
        null,
        null,
        1,
        2,
        2,
        2,
        1,
        1,
        null,
        1,
        1,
        null,
        null,
        null,
        1,
        null,
        1,
        null,
        null,
        null,
        5,
        null,
        null,
        null,
        null,
        1,
        10,
        null,
        null
      ],
      "/Users/wendyhchun/challenges/ikea_reviews/app/controllers/categories_controller.rb": [
        1,
        1,
        2,
        2,
        null,
        null
      ],
      "/Users/wendyhchun/challenges/ikea_reviews/app/controllers/votes_controller.rb": [
        1,
        1,
        6,
        5,
        null,
        1,
        1,
        null,
        null,
        null,
        1,
        6,
        5,
        null,
        1,
        1,
        null,
        null,
        null,
        1,
        6,
        5,
        null,
        1,
        null,
        null,
        null,
        1,
        6,
        5,
        null,
        1,
        null,
        null,
        null,
        1,
        null,
        1,
        2,
        null,
        null,
        1,
        20,
        20,
        null,
        20,
        null,
        20,
        null,
        20,
        10,
        null,
        10,
        null,
        null,
        null,
        1,
        10,
        10,
        null,
        null,
        1,
        10,
        null,
        null,
        null,
        null,
        null,
        1,
        32,
        null,
        null
      ],
      "/Users/wendyhchun/challenges/ikea_reviews/app/controllers/users_controller.rb": [
        0,
        0,
        0,
        0,
        0
      ],
      "/Users/wendyhchun/challenges/ikea_reviews/app/models/user.rb": [
        0,
        0,
        0,
        0,
        0,
        0,
        0,
        0,
        0,
        0,
        0,
        0,
        0,
        0
      ],
      "/Users/wendyhchun/challenges/ikea_reviews/app/uploaders/profile_photo_uploader.rb": [
        0,
        0,
        0,
        0,
        0,
        0,
        0,
        0,
        0,
        0,
        0,
        0,
        0,
        0,
        0,
        0,
        0,
        0,
        0,
        0,
        0,
        0,
        0,
        0,
        0,
        0,
        0,
        0,
        0,
        0,
        0,
        0,
        0,
        0,
        0,
        0,
        0,
        0,
        0,
        0,
        0,
        0,
        0,
        0,
        0,
        0,
        0,
        0,
        0,
        0,
        0,
        0
      ]
    },
    "timestamp": 1460940508
  }
}
